<?xml version="1.0" encoding="UTF-8"?>
<!-- Generated by org.testng.reporters.JUnitReportReporter -->
<testsuite hostname="letian-PC" name="regists.RegAgency" tests="1" failures="0" timestamp="7 Apr 2015 06:29:02 GMT" time="8.499" errors="0">
  <testcase name="regagency" time="8.499" classname="regists.RegAgency"/>
</testsuite> <!-- regists.RegAgency -->
