<?xml version="1.0" encoding="UTF-8"?>
<!-- Generated by org.testng.reporters.JUnitReportReporter -->
<testsuite hostname="letian-PC" name="registsagency.InRegAgency" tests="1" failures="0" timestamp="22 Apr 2015 03:32:48 GMT" time="5.693" errors="0">
  <testcase name="regAgency" time="5.693" classname="registsagency.InRegAgency"/>
</testsuite> <!-- registsagency.InRegAgency -->
