<?xml version="1.0" encoding="UTF-8"?>
<!-- Generated by org.testng.reporters.JUnitReportReporter -->
<testsuite hostname="letian-PC" name="loginagency.LoginAgency" tests="2" failures="0" timestamp="7 Apr 2015 09:30:49 GMT" time="4.571" errors="0">
  <testcase name="checkValue" time="4.505" classname="loginagency.LoginAgency"/>
  <testcase name="checkSix" time="0.066" classname="loginagency.LoginAgency"/>
</testsuite> <!-- loginagency.LoginAgency -->
