<?xml version="1.0" encoding="UTF-8"?>
<!-- Generated by org.testng.reporters.JUnitReportReporter -->
<testsuite hostname="letian-PC" name="loginagency.LoginAgency" tests="1" failures="0" timestamp="13 Apr 2015 01:41:48 GMT" time="10.446" errors="0">
  <testcase name="checkOutBtn" time="10.446" classname="loginagency.LoginAgency"/>
</testsuite> <!-- loginagency.LoginAgency -->
