<?xml version="1.0" encoding="UTF-8"?>
<!-- Generated by org.testng.reporters.JUnitReportReporter -->
<testsuite hostname="letian-PC" name="registsAgency.InRegAgency" tests="1" failures="0" timestamp="26 Jun 2015 02:15:48 GMT" time="11.118" errors="0">
  <testcase name="regAgency" time="11.118" classname="registsAgency.InRegAgency"/>
</testsuite> <!-- registsAgency.InRegAgency -->
