<?xml version="1.0" encoding="UTF-8"?>
<!-- Generated by org.testng.reporters.JUnitReportReporter -->
<testsuite hostname="letian-PC" name="registsagency.RegAgency" tests="1" failures="0" timestamp="20 Apr 2015 06:53:17 GMT" time="10.282" errors="0">
  <testcase name="regAgency" time="10.282" classname="registsagency.RegAgency"/>
</testsuite> <!-- registsagency.RegAgency -->
