<?xml version="1.0" encoding="UTF-8"?>
<!-- Generated by org.testng.reporters.JUnitReportReporter -->
<testsuite hostname="letian-PC" name="registsagency.RegAgency"
	tests="6" failures="0" timestamp="22 Apr 2015 03:32:48 GMT" time="56.782"
	errors="0">
	<testcase name="chkRegpwd" time="16.076" classname="registsagency.RegAgency" />
	<testcase name="chkRegverify" time="6.537" classname="registsagency.RegAgency" />
	<testcase name="chkRegMobile" time="12.937" classname="registsagency.RegAgency" />
	<testcase name="chkRegTile" time="1.956" classname="registsagency.RegAgency" />
	<testcase name="chkRegUserName" time="12.893" classname="registsagency.RegAgency" />
	<testcase name="chkRegMobileverify" time="6.383"
		classname="registsagency.RegAgency" />
</testsuite> <!-- registsagency.RegAgency -->
