<?xml version="1.0" encoding="UTF-8"?>
<!-- Generated by org.testng.reporters.JUnitReportReporter -->
<testsuite hostname="letian-PC" name="registsAgency.RegAgency" tests="6" failures="0" timestamp="30 Jun 2015 03:22:03 GMT" time="41.209" errors="0">
  <testcase name="chkRegpwd" time="8.503" classname="registsAgency.RegAgency"/>
  <testcase name="chkRegverify" time="4.522" classname="registsAgency.RegAgency"/>
  <testcase name="chkRegMobileverify" time="4.350" classname="registsAgency.RegAgency"/>
  <testcase name="chkRegUserName" time="17.126" classname="registsAgency.RegAgency"/>
  <testcase name="chkRegMobile" time="5.566" classname="registsAgency.RegAgency"/>
  <testcase name="chkRegTile" time="1.142" classname="registsAgency.RegAgency"/>
</testsuite> <!-- registsAgency.RegAgency -->
