<?xml version="1.0" encoding="UTF-8"?>
<!-- Generated by org.testng.reporters.JUnitReportReporter -->
<testsuite hostname="letian-PC" name="registsagency.RegInfo"
	tests="1" failures="0" timestamp="27 Apr 2015 08:02:35 GMT" time="0.350"
	errors="0">
	<testcase name="chkToptitle" time="0.350" classname="registsagency.RegInfo" />
</testsuite> <!-- registsagency.RegInfo -->
