<?xml version="1.0" encoding="UTF-8"?>
<!-- Generated by org.testng.reporters.JUnitReportReporter -->
<testsuite hostname="letian-PC" name="loginagency.LoginAgency" tests="3" failures="0" timestamp="9 Apr 2015 09:26:52 GMT" time="6.247" errors="0">
  <testcase name="checkValue" time="0.194" classname="loginagency.LoginAgency"/>
  <testcase name="checkSix" time="0.779" classname="loginagency.LoginAgency"/>
  <testcase name="checkBtn" time="5.274" classname="loginagency.LoginAgency"/>
</testsuite> <!-- loginagency.LoginAgency -->
