<?xml version="1.0" encoding="UTF-8"?>
<!-- Generated by org.testng.reporters.JUnitReportReporter -->
<testsuite hostname="letian-PC" name="loginagency.LoginAgency" tests="1" failures="0" timestamp="22 Apr 2015 03:55:18 GMT" time="13.484" errors="0">
  <testcase name="checkWeiXinBtn" time="13.484" classname="loginagency.LoginAgency"/>
</testsuite> <!-- loginagency.LoginAgency -->
