<?xml version="1.0" encoding="UTF-8"?>
<!-- Generated by org.testng.reporters.JUnitReportReporter -->
<testsuite hostname="letian-PC" name="loginagency.IsLoginAgency" tests="3" failures="0" timestamp="22 Apr 2015 09:33:13 GMT" time="44.779" errors="0">
  <testcase name="chkResetPwd" time="4.766" classname="loginagency.IsLoginAgency"/>
  <testcase name="chkbtn" time="33.664" classname="loginagency.IsLoginAgency"/>
  <testcase name="chkDivError" time="6.349" classname="loginagency.IsLoginAgency"/>
</testsuite> <!-- loginagency.IsLoginAgency -->
